<?xml version="1.0" encoding="UTF-8"?>
<!-- Generated by org.testng.reporters.JUnitReportReporter -->
<testsuite hostname="LAPTOP-UNPNO2TU" failures="0" tests="3" name="com.naveenautomation.tests.MyAccountPageTest" time="21.659" errors="0" timestamp="2024-02-18T18:53:09 EST" skipped="0">
  <testcase classname="com.naveenautomation.tests.MyAccountPageTest" name="verifyMyAccountPageTitleTest" time="7.813"/>
  <system-out/>
  <testcase classname="com.naveenautomation.tests.MyAccountPageTest" name="validateContactBtnClickTest" time="7.425"/>
  <system-out/>
  <testcase classname="com.naveenautomation.tests.MyAccountPageTest" name="validateGiftCertificateBtnClickTest" time="6.421"/>
  <system-out/>
</testsuite> <!-- com.naveenautomation.tests.MyAccountPageTest -->
