<?xml version="1.0" encoding="UTF-8"?>
<!-- Generated by org.testng.reporters.JUnitReportReporter -->
<testsuite hostname="LAPTOP-UNPNO2TU" failures="0" tests="4" name="com.naveenautomation.tests.AccountLoginPageTest" time="22.371" errors="0" timestamp="2024-03-18T05:15:28 EDT" skipped="0">
  <testcase classname="com.naveenautomation.tests.AccountLoginPageTest" name="validateLogin" time="8.072"/>
  <system-out/>
  <testcase classname="com.naveenautomation.tests.AccountLoginPageTest" name="validateLogin" time="4.075"/>
  <system-out/>
  <testcase classname="com.naveenautomation.tests.AccountLoginPageTest" name="validateGetEachCellValue" time="5.955"/>
  <system-out/>
  <testcase classname="com.naveenautomation.tests.AccountLoginPageTest" name="validateLogin" time="4.269"/>
  <system-out/>
</testsuite> <!-- com.naveenautomation.tests.AccountLoginPageTest -->
