<?xml version="1.0" encoding="UTF-8"?>
<!-- Generated by org.testng.reporters.JUnitReportReporter -->
<testsuite hostname="LAPTOP-UNPNO2TU" failures="0" tests="1" name="com.homework.naveenautomation.tests.ContactUsPageTest" time="10.137" errors="0" timestamp="2024-02-22T18:36:19 EST" skipped="0">
  <testcase classname="com.homework.naveenautomation.tests.ContactUsPageTest" name="validateSubmitContactDetails" time="10.137"/>
  <system-out/>
</testsuite> <!-- com.homework.naveenautomation.tests.ContactUsPageTest -->
