<?xml version="1.0" encoding="UTF-8"?>
<!-- Generated by org.testng.reporters.JUnitReportReporter -->
<testsuite hostname="LAPTOP-UNPNO2TU" failures="0" tests="1" name="com.homework.naveenautomation.tests.RegisterAccountPageTest" time="9.499" errors="0" timestamp="2024-02-21T20:09:11 EST" skipped="0">
  <testcase classname="com.homework.naveenautomation.tests.RegisterAccountPageTest" name="validateRegistrationTest" time="9.499"/>
  <system-out/>
</testsuite> <!-- com.homework.naveenautomation.tests.RegisterAccountPageTest -->
