<?xml version="1.0" encoding="UTF-8"?>
<!-- Generated by org.testng.reporters.JUnitReportReporter -->
<testsuite hostname="LAPTOP-UNPNO2TU" failures="0" tests="2" name="com.naveenautomation.tests.GiftCertificatePageTest" time="21.657" errors="0" timestamp="2024-02-18T18:48:43 EST" skipped="0">
  <testcase classname="com.naveenautomation.tests.GiftCertificatePageTest" name="verifyGiftPageTitleTest" time="9.000"/>
  <system-out/>
  <testcase classname="com.naveenautomation.tests.GiftCertificatePageTest" name="verifySubmitGiftDetailsTest" time="12.657"/>
  <system-out/>
</testsuite> <!-- com.naveenautomation.tests.GiftCertificatePageTest -->
