<?xml version="1.0" encoding="UTF-8"?>
<!-- Generated by org.testng.reporters.JUnitReportReporter -->
<testsuite hostname="LAPTOP-UNPNO2TU" failures="0" tests="1" name="com.naveenautomation.tests.RegisterAccountPageTest" time="6.936" errors="0" timestamp="2024-02-18T18:54:51 EST" skipped="0">
  <testcase classname="com.naveenautomation.tests.RegisterAccountPageTest" name="validateRegistrationTest" time="6.936"/>
  <system-out/>
</testsuite> <!-- com.naveenautomation.tests.RegisterAccountPageTest -->
