<?xml version="1.0" encoding="UTF-8"?>
<!-- Generated by org.testng.reporters.JUnitReportReporter -->
<testsuite hostname="LAPTOP-UNPNO2TU" failures="0" tests="1" name="com.naveenautomation.tests.AddressBookPageTest" time="20.509" errors="0" timestamp="2024-03-03T14:52:35 EST" skipped="0">
  <testcase classname="com.naveenautomation.tests.AddressBookPageTest" name="validateUserCanAddNewAddress" time="20.509"/>
  <system-out/>
</testsuite> <!-- com.naveenautomation.tests.AddressBookPageTest -->
