<?xml version="1.0" encoding="UTF-8"?>
<!-- Generated by org.testng.reporters.JUnitReportReporter -->
<testsuite hostname="LAPTOP-UNPNO2TU" failures="0" tests="2" name="com.naveenautomation.tests.ContactUsPageTest" time="19.071" errors="0" timestamp="2024-02-18T18:51:52 EST" skipped="0">
  <testcase classname="com.naveenautomation.tests.ContactUsPageTest" name="verifyContactPageTitleTest" time="8.211"/>
  <system-out/>
  <testcase classname="com.naveenautomation.tests.ContactUsPageTest" name="verifySubmitContactDetailsTest" time="10.860"/>
  <system-out/>
</testsuite> <!-- com.naveenautomation.tests.ContactUsPageTest -->
