<?xml version="1.0" encoding="UTF-8"?>
<!-- Generated by org.testng.reporters.JUnitReportReporter -->
<testsuite hostname="LAPTOP-UNPNO2TU" failures="0" tests="4" name="com.naveenautomation.tests.AccountLoginPageTest" time="21.562" errors="0" timestamp="18 Mar 2024 14:16:07 GMT" skipped="0">
  <testcase classname="com.naveenautomation.tests.AccountLoginPageTest" name="validateGetEachCellValue" time="6.587"/>
  <testcase classname="com.naveenautomation.tests.AccountLoginPageTest" name="validateLogin" time="4.570"/>
  <testcase classname="com.naveenautomation.tests.AccountLoginPageTest" name="validateLogin" time="4.972"/>
  <testcase classname="com.naveenautomation.tests.AccountLoginPageTest" name="validateLogin" time="5.433"/>
</testsuite> <!-- com.naveenautomation.tests.AccountLoginPageTest -->
